[12:54:25] [main/INFO]: Setting user: Player687
[12:54:26] [Client thread/INFO]: LWJGL Version: 2.9.1
[12:54:30] [Client thread/INFO]: Reloading ResourceManager: Default, FMLFileResourcePack:Forge Mod Loader, FMLFileResourcePack:Minecraft Forge, FMLFileResourcePack:moddevtutorial, FMLFileResourcePack:Example Mod
[12:54:30] [Sound Library Loader/INFO]: Sound engine started
[12:54:31] [Client thread/INFO]: Created: 512x256 textures/blocks-atlas
[12:54:31] [Client thread/INFO]: Created: 256x256 textures/items-atlas
[12:54:31] [Client thread/INFO]: Reloading ResourceManager: Default, FMLFileResourcePack:Forge Mod Loader, FMLFileResourcePack:Minecraft Forge, FMLFileResourcePack:moddevtutorial, FMLFileResourcePack:Example Mod
[12:54:31] [Client thread/INFO]: Created: 512x256 textures/blocks-atlas
[12:54:31] [Client thread/INFO]: Created: 256x256 textures/items-atlas
[12:54:32] [Sound Library Loader/INFO]: Sound engine started
[12:54:35] [Server thread/INFO]: Starting integrated minecraft server version 1.7.10
[12:54:35] [Server thread/INFO]: Generating keypair
[12:54:35] [Server thread/INFO]: Preparing start region for level 0
[12:54:36] [Server thread/INFO]: Changing view distance to 12, from 10
[12:54:36] [Server thread/INFO]: Player687[local:E:9bd07667] logged in with entity id 451 at (66.8261780942381, 64.0, 231.04382221097052)
[12:54:36] [Server thread/INFO]: Player687 joined the game
[12:54:38] [Server thread/INFO]: Player687 has just earned the achievement [Taking Inventory]
[12:54:38] [Client thread/INFO]: [CHAT] Player687 has just earned the achievement [Taking Inventory]
[12:54:56] [Client thread/INFO]: Stopping!
[12:54:56] [Server thread/INFO]: Stopping server
[12:54:56] [Server thread/INFO]: Saving players
[12:54:57] [Server thread/INFO]: Saving worlds
[12:54:57] [Server thread/INFO]: Saving chunks for level 'New World'/Overworld
[12:54:57] [Server thread/INFO]: Saving chunks for level 'New World'/Nether
[12:54:57] [Server thread/INFO]: Saving chunks for level 'New World'/The End
[12:54:57] [Client Shutdown Thread/INFO]: Stopping server
[12:54:57] [Client Shutdown Thread/INFO]: Saving players
